[2016-07-12T17:32:38,406 FATAL] edgeville.GameServer - Server has died unexpectedly
java.net.BindException: Address already in use: bind
	at sun.nio.ch.Net.bind0(Native Method) ~[?:1.8.0_66]
	at sun.nio.ch.Net.bind(Net.java:433) ~[?:1.8.0_66]
	at sun.nio.ch.Net.bind(Net.java:425) ~[?:1.8.0_66]
	at sun.nio.ch.ServerSocketChannelImpl.bind(ServerSocketChannelImpl.java:223) ~[?:1.8.0_66]
	at sun.nio.ch.ServerSocketAdaptor.bind(ServerSocketAdaptor.java:74) ~[?:1.8.0_66]
	at io.netty.channel.socket.nio.NioServerSocketChannel.doBind(NioServerSocketChannel.java:125) ~[netty-all-4.0.25.Final.jar:4.0.25.Final]
	at io.netty.channel.AbstractChannel$AbstractUnsafe.bind(AbstractChannel.java:484) ~[netty-all-4.0.25.Final.jar:4.0.25.Final]
	at io.netty.channel.DefaultChannelPipeline$HeadContext.bind(DefaultChannelPipeline.java:1080) ~[netty-all-4.0.25.Final.jar:4.0.25.Final]
	at io.netty.channel.AbstractChannelHandlerContext.invokeBind(AbstractChannelHandlerContext.java:430) ~[netty-all-4.0.25.Final.jar:4.0.25.Final]
	at io.netty.channel.AbstractChannelHandlerContext.bind(AbstractChannelHandlerContext.java:415) ~[netty-all-4.0.25.Final.jar:4.0.25.Final]
	at io.netty.channel.DefaultChannelPipeline.bind(DefaultChannelPipeline.java:903) ~[netty-all-4.0.25.Final.jar:4.0.25.Final]
	at io.netty.channel.AbstractChannel.bind(AbstractChannel.java:197) ~[netty-all-4.0.25.Final.jar:4.0.25.Final]
	at io.netty.bootstrap.AbstractBootstrap$2.run(AbstractBootstrap.java:350) ~[netty-all-4.0.25.Final.jar:4.0.25.Final]
	at io.netty.util.concurrent.SingleThreadEventExecutor.runAllTasks(SingleThreadEventExecutor.java:380) ~[netty-all-4.0.25.Final.jar:4.0.25.Final]
	at io.netty.channel.nio.NioEventLoop.run(NioEventLoop.java:357) ~[netty-all-4.0.25.Final.jar:4.0.25.Final]
	at io.netty.util.concurrent.SingleThreadEventExecutor$2.run(SingleThreadEventExecutor.java:116) ~[netty-all-4.0.25.Final.jar:4.0.25.Final]
	at io.netty.util.concurrent.DefaultThreadFactory$DefaultRunnableDecorator.run(DefaultThreadFactory.java:137) ~[netty-all-4.0.25.Final.jar:4.0.25.Final]
	at java.lang.Thread.run(Thread.java:745) ~[?:1.8.0_66]
